# JRE version: OpenJDK Runtime Environment Temurin-21.0.10+7 (21.0.10+7) (build 21.0.10+7-LTS)
# Java VM: OpenJDK 64-Bit Server VM Temurin-21.0.10+7 (21.0.10+7-LTS, mixed mode, sharing, tiered, compressed oops, compressed class ptrs, parallel gc, windows-amd64)
GC Precious Log:
 CardTable entry size: 512
 CPUs: 12 total, 12 available
 Memory: 16055M
 Large Page Support: Disabled
 NUMA Support: Disabled
 Compressed Oops: Enabled (32-bit)
 Alignments: Space 512K, Generation 512K, Heap 2M
 Heap Min Capacity: 100M
 Heap Initial Capacity: 100M
 Heap Max Capacity: 2G
 Pre-touch: Disabled
 Parallel Workers: 10
Heap:
 PSYoungGen      total 11776K, used 4855K [0x00000000d5580000, 0x00000000d6380000, 0x0000000100000000)
  eden space 9216K, 30% used [0x00000000d5580000,0x00000000d5847bc0,0x00000000d5e80000)
  from space 2560K, 78% used [0x00000000d5e80000,0x00000000d6076198,0x00000000d6100000)
  to   space 2560K, 0% used [0x00000000d6100000,0x00000000d6100000,0x00000000d6380000)
 ParOldGen       total 91648K, used 91203K [0x0000000080000000, 0x0000000085980000, 0x00000000d5580000)
  object space 91648K, 99% used [0x0000000080000000,0x0000000085910df8,0x0000000085980000)
 Metaspace       used 73791K, committed 75328K, reserved 1179648K
  class space    used 9204K, committed 9856K, reserved 1048576K
GC Heap History (20 events):
Event: 137.000 GC heap after
{Heap after GC invocations=61 (full 3):
 PSYoungGen      total 13312K, used 2479K [0x00000000d5580000, 0x00000000d6680000, 0x0000000100000000)
  eden space 10752K, 0% used [0x00000000d5580000,0x00000000d5580000,0x00000000d6000000)
  from space 2560K, 96% used [0x00000000d6400000,0x00000000d666bfd8,0x00000000d6680000)
  to   space 3072K, 0% used [0x00000000d6080000,0x00000000d6080000,0x00000000d6380000)
 ParOldGen       total 69120K, used 68669K [0x0000000080000000, 0x0000000084380000, 0x00000000d5580000)
  object space 69120K, 99% used [0x0000000080000000,0x000000008430f4d0,0x0000000084380000)
 Metaspace       used 73667K, committed 75136K, reserved 1179648K
  class space    used 9188K, committed 9856K, reserved 1048576K
}
Event: 137.112 GC heap before
{Heap before GC invocations=62 (full 3):
 PSYoungGen      total 13312K, used 13231K [0x00000000d5580000, 0x00000000d6680000, 0x0000000100000000)
  eden space 10752K, 100% used [0x00000000d5580000,0x00000000d6000000,0x00000000d6000000)
  from space 2560K, 96% used [0x00000000d6400000,0x00000000d666bfd8,0x00000000d6680000)
  to   space 3072K, 0% used [0x00000000d6080000,0x00000000d6080000,0x00000000d6380000)
 ParOldGen       total 69120K, used 68669K [0x0000000080000000, 0x0000000084380000, 0x00000000d5580000)
  object space 69120K, 99% used [0x0000000080000000,0x000000008430f4d0,0x0000000084380000)
 Metaspace       used 73700K, committed 75264K, reserved 1179648K
  class space    used 9191K, committed 9856K, reserved 1048576K
}
Event: 137.117 GC heap after
{Heap after GC invocations=62 (full 3):
 PSYoungGen      total 13312K, used 2414K [0x00000000d5580000, 0x00000000d6500000, 0x0000000100000000)
  eden space 10752K, 0% used [0x00000000d5580000,0x00000000d5580000,0x00000000d6000000)
  from space 2560K, 94% used [0x00000000d6080000,0x00000000d62dbaf0,0x00000000d6300000)
  to   space 2048K, 0% used [0x00000000d6300000,0x00000000d6300000,0x00000000d6500000)
 ParOldGen       total 71168K, used 70928K [0x0000000080000000, 0x0000000084580000, 0x00000000d5580000)
  object space 71168K, 99% used [0x0000000080000000,0x0000000084544388,0x0000000084580000)
 Metaspace       used 73700K, committed 75264K, reserved 1179648K
  class space    used 9191K, committed 9856K, reserved 1048576K
}
Event: 137.208 GC heap before
{Heap before GC invocations=63 (full 3):
 PSYoungGen      total 13312K, used 13166K [0x00000000d5580000, 0x00000000d6500000, 0x0000000100000000)
  eden space 10752K, 100% used [0x00000000d5580000,0x00000000d6000000,0x00000000d6000000)
  from space 2560K, 94% used [0x00000000d6080000,0x00000000d62dbaf0,0x00000000d6300000)
  to   space 2048K, 0% used [0x00000000d6300000,0x00000000d6300000,0x00000000d6500000)
 ParOldGen       total 71168K, used 70928K [0x0000000080000000, 0x0000000084580000, 0x00000000d5580000)
  object space 71168K, 99% used [0x0000000080000000,0x0000000084544388,0x0000000084580000)
 Metaspace       used 73715K, committed 75264K, reserved 1179648K
  class space    used 9192K, committed 9856K, reserved 1048576K
}
Event: 137.212 GC heap after
{Heap after GC invocations=63 (full 3):
 PSYoungGen      total 10752K, used 2022K [0x00000000d5580000, 0x00000000d6a00000, 0x0000000100000000)
  eden space 8704K, 0% used [0x00000000d5580000,0x00000000d5580000,0x00000000d5e00000)
  from space 2048K, 98% used [0x00000000d6300000,0x00000000d64f9818,0x00000000d6500000)
  to   space 5120K, 0% used [0x00000000d5e00000,0x00000000d5e00000,0x00000000d6300000)
 ParOldGen       total 73728K, used 73575K [0x0000000080000000, 0x0000000084800000, 0x00000000d5580000)
  object space 73728K, 99% used [0x0000000080000000,0x00000000847d9e80,0x0000000084800000)
 Metaspace       used 73715K, committed 75264K, reserved 1179648K
  class space    used 9192K, committed 9856K, reserved 1048576K
}
Event: 137.286 GC heap before
{Heap before GC invocations=64 (full 3):
 PSYoungGen      total 10752K, used 10726K [0x00000000d5580000, 0x00000000d6a00000, 0x0000000100000000)
  eden space 8704K, 100% used [0x00000000d5580000,0x00000000d5e00000,0x00000000d5e00000)
  from space 2048K, 98% used [0x00000000d6300000,0x00000000d64f9818,0x00000000d6500000)
  to   space 5120K, 0% used [0x00000000d5e00000,0x00000000d5e00000,0x00000000d6300000)
 ParOldGen       total 73728K, used 73575K [0x0000000080000000, 0x0000000084800000, 0x00000000d5580000)
  object space 73728K, 99% used [0x0000000080000000,0x00000000847d9e80,0x0000000084800000)
 Metaspace       used 73715K, committed 75264K, reserved 1179648K
  class space    used 9192K, committed 9856K, reserved 1048576K
}
Event: 137.290 GC heap after
{Heap after GC invocations=64 (full 3):
 PSYoungGen      total 11264K, used 2090K [0x00000000d5580000, 0x00000000d6400000, 0x0000000100000000)
  eden space 8704K, 0% used [0x00000000d5580000,0x00000000d5580000,0x00000000d5e00000)
  from space 2560K, 81% used [0x00000000d5e00000,0x00000000d600a8e0,0x00000000d6080000)
  to   space 3072K, 0% used [0x00000000d6100000,0x00000000d6100000,0x00000000d6400000)
 ParOldGen       total 75776K, used 75540K [0x0000000080000000, 0x0000000084a00000, 0x00000000d5580000)
  object space 75776K, 99% used [0x0000000080000000,0x00000000849c5298,0x0000000084a00000)
 Metaspace       used 73715K, committed 75264K, reserved 1179648K
  class space    used 9192K, committed 9856K, reserved 1048576K
}
Event: 137.436 GC heap before
{Heap before GC invocations=65 (full 3):
 PSYoungGen      total 11264K, used 10794K [0x00000000d5580000, 0x00000000d6400000, 0x0000000100000000)
  eden space 8704K, 100% used [0x00000000d5580000,0x00000000d5e00000,0x00000000d5e00000)
  from space 2560K, 81% used [0x00000000d5e00000,0x00000000d600a8e0,0x00000000d6080000)
  to   space 3072K, 0% used [0x00000000d6100000,0x00000000d6100000,0x00000000d6400000)
 ParOldGen       total 75776K, used 75540K [0x0000000080000000, 0x0000000084a00000, 0x00000000d5580000)
  object space 75776K, 99% used [0x0000000080000000,0x00000000849c5298,0x0000000084a00000)
 Metaspace       used 73719K, committed 75264K, reserved 1179648K
  class space    used 9192K, committed 9856K, reserved 1048576K
}
Event: 137.441 GC heap after
{Heap after GC invocations=65 (full 3):
 PSYoungGen      total 10752K, used 1889K [0x00000000d5580000, 0x00000000d6300000, 0x0000000100000000)
  eden space 8704K, 0% used [0x00000000d5580000,0x00000000d5580000,0x00000000d5e00000)
  from space 2048K, 92% used [0x00000000d6100000,0x00000000d62d8640,0x00000000d6300000)
  to   space 2560K, 0% used [0x00000000d5e00000,0x00000000d5e00000,0x00000000d6080000)
 ParOldGen       total 77824K, used 77462K [0x0000000080000000, 0x0000000084c00000, 0x00000000d5580000)
  object space 77824K, 99% used [0x0000000080000000,0x0000000084ba5a80,0x0000000084c00000)
 Metaspace       used 73719K, committed 75264K, reserved 1179648K
  class space    used 9192K, committed 9856K, reserved 1048576K
}
Event: 137.526 GC heap before
{Heap before GC invocations=66 (full 3):
 PSYoungGen      total 10752K, used 10593K [0x00000000d5580000, 0x00000000d6300000, 0x0000000100000000)
  eden space 8704K, 100% used [0x00000000d5580000,0x00000000d5e00000,0x00000000d5e00000)
  from space 2048K, 92% used [0x00000000d6100000,0x00000000d62d8640,0x00000000d6300000)
  to   space 2560K, 0% used [0x00000000d5e00000,0x00000000d5e00000,0x00000000d6080000)
 ParOldGen       total 77824K, used 77462K [0x0000000080000000, 0x0000000084c00000, 0x00000000d5580000)
  object space 77824K, 99% used [0x0000000080000000,0x0000000084ba5a80,0x0000000084c00000)
 Metaspace       used 73722K, committed 75264K, reserved 1179648K
  class space    used 9192K, committed 9856K, reserved 1048576K
}
Event: 137.529 GC heap after
{Heap after GC invocations=66 (full 3):
 PSYoungGen      total 11264K, used 2028K [0x00000000d5580000, 0x00000000d6300000, 0x0000000100000000)
  eden space 8704K, 0% used [0x00000000d5580000,0x00000000d5580000,0x00000000d5e00000)
  from space 2560K, 79% used [0x00000000d5e00000,0x00000000d5ffb288,0x00000000d6080000)
  to   space 2560K, 0% used [0x00000000d6080000,0x00000000d6080000,0x00000000d6300000)
 ParOldGen       total 79360K, used 79278K [0x0000000080000000, 0x0000000084d80000, 0x00000000d5580000)
  object space 79360K, 99% used [0x0000000080000000,0x0000000084d6bb98,0x0000000084d80000)
 Metaspace       used 73722K, committed 75264K, reserved 1179648K
  class space    used 9192K, committed 9856K, reserved 1048576K
}
Event: 137.619 GC heap before
{Heap before GC invocations=67 (full 3):
 PSYoungGen      total 11264K, used 10732K [0x00000000d5580000, 0x00000000d6300000, 0x0000000100000000)
  eden space 8704K, 100% used [0x00000000d5580000,0x00000000d5e00000,0x00000000d5e00000)
  from space 2560K, 79% used [0x00000000d5e00000,0x00000000d5ffb288,0x00000000d6080000)
  to   space 2560K, 0% used [0x00000000d6080000,0x00000000d6080000,0x00000000d6300000)
 ParOldGen       total 79360K, used 79278K [0x0000000080000000, 0x0000000084d80000, 0x00000000d5580000)
  object space 79360K, 99% used [0x0000000080000000,0x0000000084d6bb98,0x0000000084d80000)
 Metaspace       used 73722K, committed 75264K, reserved 1179648K
  class space    used 9192K, committed 9856K, reserved 1048576K
}
Event: 137.623 GC heap after
{Heap after GC invocations=67 (full 3):
 PSYoungGen      total 10752K, used 1906K [0x00000000d5580000, 0x00000000d6280000, 0x0000000100000000)
  eden space 8704K, 0% used [0x00000000d5580000,0x00000000d5580000,0x00000000d5e00000)
  from space 2048K, 93% used [0x00000000d6080000,0x00000000d625c860,0x00000000d6280000)
  to   space 2048K, 0% used [0x00000000d5e80000,0x00000000d5e80000,0x00000000d6080000)
 ParOldGen       total 81408K, used 81144K [0x0000000080000000, 0x0000000084f80000, 0x00000000d5580000)
  object space 81408K, 99% used [0x0000000080000000,0x0000000084f3e3c0,0x0000000084f80000)
 Metaspace       used 73722K, committed 75264K, reserved 1179648K
  class space    used 9192K, committed 9856K, reserved 1048576K
}
Event: 137.789 GC heap before
{Heap before GC invocations=68 (full 3):
 PSYoungGen      total 10752K, used 10610K [0x00000000d5580000, 0x00000000d6280000, 0x0000000100000000)
  eden space 8704K, 100% used [0x00000000d5580000,0x00000000d5e00000,0x00000000d5e00000)
  from space 2048K, 93% used [0x00000000d6080000,0x00000000d625c860,0x00000000d6280000)
  to   space 2048K, 0% used [0x00000000d5e80000,0x00000000d5e80000,0x00000000d6080000)
 ParOldGen       total 81408K, used 81144K [0x0000000080000000, 0x0000000084f80000, 0x00000000d5580000)
  object space 81408K, 99% used [0x0000000080000000,0x0000000084f3e3c0,0x0000000084f80000)
 Metaspace       used 73728K, committed 75264K, reserved 1179648K
  class space    used 9192K, committed 9856K, reserved 1048576K
}
Event: 137.803 GC heap after
{Heap after GC invocations=68 (full 3):
 PSYoungGen      total 10752K, used 2028K [0x00000000d5580000, 0x00000000d6800000, 0x0000000100000000)
  eden space 8704K, 0% used [0x00000000d5580000,0x00000000d5580000,0x00000000d5e00000)
  from space 2048K, 99% used [0x00000000d5e80000,0x00000000d607b298,0x00000000d6080000)
  to   space 5120K, 0% used [0x00000000d6300000,0x00000000d6300000,0x00000000d6800000)
 ParOldGen       total 83968K, used 83480K [0x0000000080000000, 0x0000000085200000, 0x00000000d5580000)
  object space 83968K, 99% used [0x0000000080000000,0x0000000085186330,0x0000000085200000)
 Metaspace       used 73728K, committed 75264K, reserved 1179648K
  class space    used 9192K, committed 9856K, reserved 1048576K
}
Event: 137.958 GC heap before
{Heap before GC invocations=69 (full 3):
 PSYoungGen      total 10752K, used 10732K [0x00000000d5580000, 0x00000000d6800000, 0x0000000100000000)
  eden space 8704K, 100% used [0x00000000d5580000,0x00000000d5e00000,0x00000000d5e00000)
  from space 2048K, 99% used [0x00000000d5e80000,0x00000000d607b298,0x00000000d6080000)
  to   space 5120K, 0% used [0x00000000d6300000,0x00000000d6300000,0x00000000d6800000)
 ParOldGen       total 83968K, used 83480K [0x0000000080000000, 0x0000000085200000, 0x00000000d5580000)
  object space 83968K, 99% used [0x0000000080000000,0x0000000085186330,0x0000000085200000)
 Metaspace       used 73728K, committed 75264K, reserved 1179648K
  class space    used 9192K, committed 9856K, reserved 1048576K
}
Event: 137.962 GC heap after
{Heap after GC invocations=69 (full 3):
 PSYoungGen      total 10752K, used 1908K [0x00000000d5580000, 0x00000000d6500000, 0x0000000100000000)
  eden space 8704K, 0% used [0x00000000d5580000,0x00000000d5580000,0x00000000d5e00000)
  from space 2048K, 93% used [0x00000000d6300000,0x00000000d64dd190,0x00000000d6500000)
  to   space 3072K, 0% used [0x00000000d5f00000,0x00000000d5f00000,0x00000000d6200000)
 ParOldGen       total 86016K, used 85538K [0x0000000080000000, 0x0000000085400000, 0x00000000d5580000)
  object space 86016K, 99% used [0x0000000080000000,0x0000000085388930,0x0000000085400000)
 Metaspace       used 73728K, committed 75264K, reserved 1179648K
  class space    used 9192K, committed 9856K, reserved 1048576K
}
Event: 138.122 GC heap before
{Heap before GC invocations=70 (full 3):
 PSYoungGen      total 10752K, used 10612K [0x00000000d5580000, 0x00000000d6500000, 0x0000000100000000)
  eden space 8704K, 100% used [0x00000000d5580000,0x00000000d5e00000,0x00000000d5e00000)
  from space 2048K, 93% used [0x00000000d6300000,0x00000000d64dd190,0x00000000d6500000)
  to   space 3072K, 0% used [0x00000000d5f00000,0x00000000d5f00000,0x00000000d6200000)
 ParOldGen       total 86016K, used 85538K [0x0000000080000000, 0x0000000085400000, 0x00000000d5580000)
  object space 86016K, 99% used [0x0000000080000000,0x0000000085388930,0x0000000085400000)
 Metaspace       used 73748K, committed 75264K, reserved 1179648K
  class space    used 9195K, committed 9856K, reserved 1048576K
}
Event: 138.130 GC heap after
{Heap after GC invocations=70 (full 3):
 PSYoungGen      total 10752K, used 1982K [0x00000000d5580000, 0x00000000d6380000, 0x0000000100000000)
  eden space 8704K, 0% used [0x00000000d5580000,0x00000000d5580000,0x00000000d5e00000)
  from space 2048K, 96% used [0x00000000d5f00000,0x00000000d60efa58,0x00000000d6100000)
  to   space 2560K, 0% used [0x00000000d6100000,0x00000000d6100000,0x00000000d6380000)
 ParOldGen       total 87552K, used 87358K [0x0000000080000000, 0x0000000085580000, 0x00000000d5580000)
  object space 87552K, 99% used [0x0000000080000000,0x000000008554f980,0x0000000085580000)
 Metaspace       used 73748K, committed 75264K, reserved 1179648K
  class space    used 9195K, committed 9856K, reserved 1048576K
}
Event: 138.572 GC heap before
{Heap before GC invocations=71 (full 3):
 PSYoungGen      total 10752K, used 10686K [0x00000000d5580000, 0x00000000d6380000, 0x0000000100000000)
  eden space 8704K, 100% used [0x00000000d5580000,0x00000000d5e00000,0x00000000d5e00000)
  from space 2048K, 96% used [0x00000000d5f00000,0x00000000d60efa58,0x00000000d6100000)
  to   space 2560K, 0% used [0x00000000d6100000,0x00000000d6100000,0x00000000d6380000)
 ParOldGen       total 87552K, used 87358K [0x0000000080000000, 0x0000000085580000, 0x00000000d5580000)
  object space 87552K, 99% used [0x0000000080000000,0x000000008554f980,0x0000000085580000)
 Metaspace       used 73748K, committed 75264K, reserved 1179648K
  class space    used 9195K, committed 9856K, reserved 1048576K
}

